0 info it worked if it ends with ok
1 verbose cli [ '/Users/RSalerno/.nvm/versions/node/v6.2.0/bin/node',
1 verbose cli   '/Users/RSalerno/.nvm/versions/node/v6.2.0/bin/npm',
1 verbose cli   'start' ]
2 info using npm@3.8.9
3 info using node@v6.2.0
4 verbose stack Error: Invalid name: "Pool Ghost"
4 verbose stack     at ensureValidName (/Users/RSalerno/.nvm/versions/node/v6.2.0/lib/node_modules/npm/node_modules/normalize-package-data/lib/fixer.js:336:15)
4 verbose stack     at Object.module.exports.fixNameField (/Users/RSalerno/.nvm/versions/node/v6.2.0/lib/node_modules/npm/node_modules/normalize-package-data/lib/fixer.js:215:5)
4 verbose stack     at /Users/RSalerno/.nvm/versions/node/v6.2.0/lib/node_modules/npm/node_modules/normalize-package-data/lib/normalize.js:32:38
4 verbose stack     at Array.forEach (native)
4 verbose stack     at normalize (/Users/RSalerno/.nvm/versions/node/v6.2.0/lib/node_modules/npm/node_modules/normalize-package-data/lib/normalize.js:31:15)
4 verbose stack     at final (/Users/RSalerno/.nvm/versions/node/v6.2.0/lib/node_modules/npm/node_modules/read-package-json/read-json.js:349:5)
4 verbose stack     at then (/Users/RSalerno/.nvm/versions/node/v6.2.0/lib/node_modules/npm/node_modules/read-package-json/read-json.js:124:5)
4 verbose stack     at /Users/RSalerno/.nvm/versions/node/v6.2.0/lib/node_modules/npm/node_modules/read-package-json/read-json.js:243:12
4 verbose stack     at /Users/RSalerno/.nvm/versions/node/v6.2.0/lib/node_modules/npm/node_modules/graceful-fs/graceful-fs.js:78:16
4 verbose stack     at tryToString (fs.js:449:3)
5 verbose cwd /Users/RSalerno/Documents/coding/poolghost
6 error Darwin 15.6.0
7 error argv "/Users/RSalerno/.nvm/versions/node/v6.2.0/bin/node" "/Users/RSalerno/.nvm/versions/node/v6.2.0/bin/npm" "start"
8 error node v6.2.0
9 error npm  v3.8.9
10 error Invalid name: "Pool Ghost"
11 error If you need help, you may report this error at:
11 error     <https://github.com/npm/npm/issues>
12 verbose exit [ 1, true ]
